c:\temp\tp5-departh18\polyfusion3d\x64\debug\vc141.pdb
c:\temp\tp5-departh18\polyfusion3d\x64\debug\vc141.idb
c:\temp\tp5-departh18\polyfusion3d\x64\debug\absobjet3d.obj
c:\temp\tp5-departh18\polyfusion3d\x64\debug\boundingboxcalculator.obj
c:\temp\tp5-departh18\polyfusion3d\x64\debug\objet3dcomposite.obj
c:\temp\tp5-departh18\polyfusion3d\x64\debug\objet3dpart.obj
c:\temp\tp5-departh18\polyfusion3d\x64\debug\objet3dtransform.obj
c:\temp\tp5-departh18\polyfusion3d\x64\debug\outputtransformvisitor.obj
c:\temp\tp5-departh18\polyfusion3d\x64\debug\outputvisitor.obj
c:\temp\tp5-departh18\polyfusion3d\x64\debug\sommet.obj
c:\temp\tp5-departh18\polyfusion3d\x64\debug\tp5.obj
c:\temp\tp5-departh18\polyfusion3d\x64\debug\tp5_tests.obj
c:\temp\tp5-departh18\polyfusion3d\x64\debug\transformstack.obj
c:\temp\tp5-departh18\polyfusion3d\x64\debug\transformvisitor.obj
c:\temp\tp5-departh18\polyfusion3d\x64\debug\polyfusion3d.pdb
c:\temp\tp5-departh18\polyfusion3d\x64\debug\polyfusion3d.tlog\cl.command.1.tlog
c:\temp\tp5-departh18\polyfusion3d\x64\debug\polyfusion3d.tlog\cl.read.1.tlog
c:\temp\tp5-departh18\polyfusion3d\x64\debug\polyfusion3d.tlog\cl.write.1.tlog
c:\temp\tp5-departh18\polyfusion3d\x64\debug\polyfusion3d.tlog\link-cvtres.read.1.tlog
c:\temp\tp5-departh18\polyfusion3d\x64\debug\polyfusion3d.tlog\link-cvtres.write.1.tlog
c:\temp\tp5-departh18\polyfusion3d\x64\debug\polyfusion3d.tlog\link-rc.read.1.tlog
c:\temp\tp5-departh18\polyfusion3d\x64\debug\polyfusion3d.tlog\link-rc.write.1.tlog
c:\temp\tp5-departh18\polyfusion3d\x64\debug\polyfusion3d.tlog\link.15864-cvtres.read.1.tlog
c:\temp\tp5-departh18\polyfusion3d\x64\debug\polyfusion3d.tlog\link.15864-cvtres.write.1.tlog
c:\temp\tp5-departh18\polyfusion3d\x64\debug\polyfusion3d.tlog\link.15864-rc.read.1.tlog
c:\temp\tp5-departh18\polyfusion3d\x64\debug\polyfusion3d.tlog\link.15864-rc.write.1.tlog
c:\temp\tp5-departh18\polyfusion3d\x64\debug\polyfusion3d.tlog\link.15864.read.1.tlog
c:\temp\tp5-departh18\polyfusion3d\x64\debug\polyfusion3d.tlog\link.15864.write.1.tlog
c:\temp\tp5-departh18\polyfusion3d\x64\debug\polyfusion3d.tlog\link.command.1.tlog
c:\temp\tp5-departh18\polyfusion3d\x64\debug\polyfusion3d.tlog\link.read.1.tlog
c:\temp\tp5-departh18\polyfusion3d\x64\debug\polyfusion3d.tlog\link.write.1.tlog
